# JRE version: OpenJDK Runtime Environment (11.0.12+7) (build 11.0.12+7-b1504.28-7817840)
# Java VM: OpenJDK 64-Bit Server VM (11.0.12+7-b1504.28-7817840, mixed mode, tiered, compressed oops, g1 gc, windows-amd64)
Heap:
 garbage-first heap   total 464896K, used 240940K [0x0000000080000000, 0x0000000100000000)
  region size 1024K, 6 young (6144K), 6 survivors (6144K)
 Metaspace       used 130184K, capacity 133527K, committed 133760K, reserved 1165312K
  class space    used 16038K, capacity 17266K, committed 17280K, reserved 1048576K
GC Heap History (20 events):
Event: 70.156 GC heap after
{Heap after GC invocations=37 (full 0):
 garbage-first heap   total 262144K, used 170446K [0x0000000080000000, 0x0000000100000000)
  region size 1024K, 2 young (2048K), 2 survivors (2048K)
 Metaspace       used 118074K, capacity 121254K, committed 121472K, reserved 1155072K
  class space    used 14588K, capacity 15709K, committed 15744K, reserved 1048576K
}
Event: 70.498 GC heap before
{Heap before GC invocations=37 (full 0):
 garbage-first heap   total 262144K, used 212430K [0x0000000080000000, 0x0000000100000000)
  region size 1024K, 44 young (45056K), 2 survivors (2048K)
 Metaspace       used 120358K, capacity 123518K, committed 123776K, reserved 1157120K
  class space    used 14761K, capacity 15907K, committed 16000K, reserved 1048576K
}
Event: 70.511 GC heap after
{Heap after GC invocations=38 (full 0):
 garbage-first heap   total 262144K, used 172629K [0x0000000080000000, 0x0000000100000000)
  region size 1024K, 4 young (4096K), 4 survivors (4096K)
 Metaspace       used 120358K, capacity 123518K, committed 123776K, reserved 1157120K
  class space    used 14761K, capacity 15907K, committed 16000K, reserved 1048576K
}
Event: 70.980 GC heap before
{Heap before GC invocations=39 (full 0):
 garbage-first heap   total 262144K, used 208469K [0x0000000080000000, 0x0000000100000000)
  region size 1024K, 47 young (48128K), 4 survivors (4096K)
 Metaspace       used 121225K, capacity 124420K, committed 124544K, reserved 1157120K
  class space    used 14824K, capacity 15972K, committed 16000K, reserved 1048576K
}
Event: 70.991 GC heap after
{Heap after GC invocations=40 (full 0):
 garbage-first heap   total 262144K, used 170408K [0x0000000080000000, 0x0000000100000000)
  region size 1024K, 6 young (6144K), 6 survivors (6144K)
 Metaspace       used 121225K, capacity 124420K, committed 124544K, reserved 1157120K
  class space    used 14824K, capacity 15972K, committed 16000K, reserved 1048576K
}
Event: 71.009 GC heap before
{Heap before GC invocations=40 (full 0):
 garbage-first heap   total 262144K, used 176552K [0x0000000080000000, 0x0000000100000000)
  region size 1024K, 12 young (12288K), 6 survivors (6144K)
 Metaspace       used 121235K, capacity 124420K, committed 124544K, reserved 1157120K
  class space    used 14824K, capacity 15972K, committed 16000K, reserved 1048576K
}
Event: 71.024 GC heap after
{Heap after GC invocations=41 (full 0):
 garbage-first heap   total 262144K, used 147402K [0x0000000080000000, 0x0000000100000000)
  region size 1024K, 2 young (2048K), 2 survivors (2048K)
 Metaspace       used 121235K, capacity 124420K, committed 124544K, reserved 1157120K
  class space    used 14824K, capacity 15972K, committed 16000K, reserved 1048576K
}
Event: 71.064 GC heap before
{Heap before GC invocations=41 (full 0):
 garbage-first heap   total 262144K, used 157642K [0x0000000080000000, 0x0000000100000000)
  region size 1024K, 12 young (12288K), 2 survivors (2048K)
 Metaspace       used 121360K, capacity 124484K, committed 124544K, reserved 1157120K
  class space    used 14835K, capacity 15972K, committed 16000K, reserved 1048576K
}
Event: 71.077 GC heap after
{Heap after GC invocations=42 (full 0):
 garbage-first heap   total 262144K, used 147115K [0x0000000080000000, 0x0000000100000000)
  region size 1024K, 2 young (2048K), 2 survivors (2048K)
 Metaspace       used 121360K, capacity 124484K, committed 124544K, reserved 1157120K
  class space    used 14835K, capacity 15972K, committed 16000K, reserved 1048576K
}
Event: 71.809 GC heap before
{Heap before GC invocations=42 (full 0):
 garbage-first heap   total 262144K, used 204459K [0x0000000080000000, 0x0000000100000000)
  region size 1024K, 59 young (60416K), 2 survivors (2048K)
 Metaspace       used 122769K, capacity 126007K, committed 126208K, reserved 1159168K
  class space    used 14924K, capacity 16073K, committed 16128K, reserved 1048576K
}
Event: 71.826 GC heap after
{Heap after GC invocations=43 (full 0):
 garbage-first heap   total 326656K, used 152291K [0x0000000080000000, 0x0000000100000000)
  region size 1024K, 7 young (7168K), 7 survivors (7168K)
 Metaspace       used 122769K, capacity 126007K, committed 126208K, reserved 1159168K
  class space    used 14924K, capacity 16073K, committed 16128K, reserved 1048576K
}
Event: 72.848 GC heap before
{Heap before GC invocations=43 (full 0):
 garbage-first heap   total 326656K, used 234211K [0x0000000080000000, 0x0000000100000000)
  region size 1024K, 88 young (90112K), 7 survivors (7168K)
 Metaspace       used 124626K, capacity 127877K, committed 128000K, reserved 1161216K
  class space    used 15106K, capacity 16262K, committed 16384K, reserved 1048576K
}
Event: 72.861 GC heap after
{Heap after GC invocations=44 (full 0):
 garbage-first heap   total 326656K, used 154695K [0x0000000080000000, 0x0000000100000000)
  region size 1024K, 5 young (5120K), 5 survivors (5120K)
 Metaspace       used 124626K, capacity 127877K, committed 128000K, reserved 1161216K
  class space    used 15106K, capacity 16262K, committed 16384K, reserved 1048576K
}
Event: 73.345 GC heap before
{Heap before GC invocations=44 (full 0):
 garbage-first heap   total 326656K, used 250951K [0x0000000080000000, 0x0000000100000000)
  region size 1024K, 46 young (47104K), 5 survivors (5120K)
 Metaspace       used 127684K, capacity 130951K, committed 131200K, reserved 1163264K
  class space    used 15528K, capacity 16712K, committed 16768K, reserved 1048576K
}
Event: 73.354 GC heap after
{Heap after GC invocations=45 (full 0):
 garbage-first heap   total 326656K, used 203379K [0x0000000080000000, 0x0000000100000000)
  region size 1024K, 12 young (12288K), 12 survivors (12288K)
 Metaspace       used 127684K, capacity 130951K, committed 131200K, reserved 1163264K
  class space    used 15528K, capacity 16712K, committed 16768K, reserved 1048576K
}
Event: 73.795 GC heap before
{Heap before GC invocations=46 (full 0):
 garbage-first heap   total 326656K, used 275059K [0x0000000080000000, 0x0000000100000000)
  region size 1024K, 71 young (72704K), 12 survivors (12288K)
 Metaspace       used 127911K, capacity 131215K, committed 131456K, reserved 1163264K
  class space    used 15550K, capacity 16714K, committed 16768K, reserved 1048576K
}
Event: 73.824 GC heap after
{Heap after GC invocations=47 (full 0):
 garbage-first heap   total 326656K, used 228598K [0x0000000080000000, 0x0000000100000000)
  region size 1024K, 9 young (9216K), 9 survivors (9216K)
 Metaspace       used 127911K, capacity 131215K, committed 131456K, reserved 1163264K
  class space    used 15550K, capacity 16714K, committed 16768K, reserved 1048576K
}
Event: 73.851 GC heap before
{Heap before GC invocations=47 (full 0):
 garbage-first heap   total 326656K, used 234742K [0x0000000080000000, 0x0000000100000000)
  region size 1024K, 15 young (15360K), 9 survivors (9216K)
 Metaspace       used 127911K, capacity 131215K, committed 131456K, reserved 1163264K
  class space    used 15550K, capacity 16714K, committed 16768K, reserved 1048576K
}
Event: 73.877 GC heap after
{Heap after GC invocations=48 (full 0):
 garbage-first heap   total 326656K, used 217088K [0x0000000080000000, 0x0000000100000000)
  region size 1024K, 2 young (2048K), 2 survivors (2048K)
 Metaspace       used 127911K, capacity 131215K, committed 131456K, reserved 1163264K
  class space    used 15550K, capacity 16714K, committed 16768K, reserved 1048576K
}
Event: 74.191 GC heap before
{Heap before GC invocations=48 (full 0):
 garbage-first heap   total 326656K, used 266240K [0x0000000080000000, 0x0000000100000000)
  region size 1024K, 47 young (48128K), 2 survivors (2048K)
 Metaspace       used 130184K, capacity 133527K, committed 133760K, reserved 1165312K
  class space    used 16038K, capacity 17266K, committed 17280K, reserved 1048576K
}

